
2023/04/12 (19:59:58) | ===> btop++ v.1.2.13
2023/04/12 (19:59:58) | ERROR: Invalid hex value: 89dceb

# Process box color gradient for threads, mem and cpu usage (Sapphire -> Mauve)
theme[process_start]=
2023/04/12 (20:00:11) | ERROR: Invalid hex value: 89dceb

# Process box color gradient for threads, mem and cpu usage (Sapphire -> Mauve)
theme[process_start]=
2023/04/12 (20:00:13) | ERROR: Invalid hex value: 89dceb

# Process box color gradient for threads, mem and cpu usage (Sapphire -> Mauve)
theme[process_start]=

2023/04/12 (20:00:27) | ===> btop++ v.1.2.13
2023/04/12 (20:00:27) | ERROR: Invalid hex value: 40a02b
theme[temp_mid]=
2023/04/12 (20:00:29) | ERROR: Invalid hex value: 89dceb

# Process box color gradient for threads, mem and cpu usage (Sapphire -> Mauve)
theme[process_start]=

2023/04/12 (20:00:33) | ===> btop++ v.1.2.13
2023/04/12 (20:00:33) | ERROR: Invalid hex value: 89dceb

# Process box color gradient for threads, mem and cpu usage (Sapphire -> Mauve)
theme[process_start]=

2023/04/19 (20:30:23) | ===> btop++ v.1.2.13
2023/04/19 (20:30:23) | ERROR: Invalid hex value: 40a02b
theme[temp_mid]=

2023/04/19 (20:30:27) | ===> btop++ v.1.2.13
2023/04/19 (20:30:27) | ERROR: Invalid hex value: 40a02b
theme[temp_mid]=
2023/04/19 (20:30:37) | ERROR: Invalid hex value: 40a02b
theme[temp_mid]=

2023/04/19 (20:30:54) | ===> btop++ v.1.2.13
2023/04/19 (20:30:54) | ERROR: Invalid hex value: 40a02b
theme[temp_mid]=
2023/04/19 (20:30:55) | ERROR: Invalid hex value: 89dceb

# Process box color gradient for threads, mem and cpu usage (Sapphire -> Mauve)
theme[process_start]=

2023/04/19 (20:31:03) | ===> btop++ v.1.2.13
2023/04/19 (20:31:03) | ERROR: Invalid hex value: 89dceb

# Process box color gradient for threads, mem and cpu usage (Sapphire -> Mauve)
theme[process_start]=

2023/04/24 (14:46:33) | ===> btop++ v.1.2.13
2023/04/24 (14:46:33) | ERROR: Invalid hex value: 89dceb

# Process box color gradient for threads, mem and cpu usage (Sapphire -> Mauve)
theme[process_start]=

2023/05/03 (11:52:13) | ===> btop++ v.1.2.13
2023/05/03 (11:52:13) | ERROR: Invalid hex value: 89dceb

# Process box color gradient for threads, mem and cpu usage (Sapphire -> Mauve)
theme[process_start]=
2023/05/03 (11:52:15) | ERROR: Invalid hex value: 89dceb

# Process box color gradient for threads, mem and cpu usage (Sapphire -> Mauve)
theme[process_start]=
2023/05/03 (11:52:17) | ERROR: Invalid hex value: 40a02b
theme[temp_mid]=
2023/05/03 (11:52:45) | ERROR: Invalid hex value: 40a02b
theme[temp_mid]=

2023/05/03 (12:48:34) | ===> btop++ v.1.2.13
2023/05/03 (12:48:34) | ERROR: Invalid hex value: 40a02b
theme[temp_mid]=

2023/05/03 (13:48:55) | ===> btop++ v.1.2.13
2023/05/03 (13:48:55) | ERROR: Invalid hex value: 40a02b
theme[temp_mid]=

2023/05/03 (15:36:35) | ===> btop++ v.1.2.13
2023/05/03 (15:36:35) | ERROR: Invalid hex value: 89dceb

# Process box color gradient for threads, mem and cpu usage (Sapphire -> Mauve)
theme[process_start]=

2023/05/03 (17:12:32) | ===> btop++ v.1.2.13
2023/05/03 (17:12:32) | ERROR: Invalid hex value: 89dceb

# Process box color gradient for threads, mem and cpu usage (Sapphire -> Mauve)
theme[process_start]=

2023/05/03 (21:06:29) | ===> btop++ v.1.2.13
2023/05/03 (21:06:29) | ERROR: Invalid hex value: 89dceb

# Process box color gradient for threads, mem and cpu usage (Sapphire -> Mauve)
theme[process_start]=

2023/05/04 (15:08:34) | ===> btop++ v.1.2.13
2023/05/04 (15:08:34) | ERROR: Invalid hex value: 89dceb

# Process box color gradient for threads, mem and cpu usage (Sapphire -> Mauve)
theme[process_start]=
2023/05/04 (15:08:37) | ERROR: Invalid hex value: 40a02b
theme[temp_mid]=

2023/05/04 (19:23:52) | ===> btop++ v.1.2.13
2023/05/04 (19:23:52) | ERROR: Invalid hex value: 40a02b
theme[temp_mid]=
2023/05/04 (19:23:53) | ERROR: Invalid hex value: 89dceb

# Process box color gradient for threads, mem and cpu usage (Sapphire -> Mauve)
theme[process_start]=

2023/05/05 (11:11:21) | ===> btop++ v.1.2.13
2023/05/05 (11:11:21) | ERROR: Invalid hex value: 40a02b
theme[temp_mid]=
2023/05/05 (11:11:22) | ERROR: Invalid hex value: 89dceb

# Process box color gradient for threads, mem and cpu usage (Sapphire -> Mauve)
theme[process_start]=

2023/05/10 (20:42:41) | ===> btop++ v.1.2.13
2023/05/10 (20:42:41) | ERROR: Invalid hex value: 40a02b
theme[temp_mid]=
2023/05/10 (20:42:42) | ERROR: Invalid hex value: 89dceb

# Process box color gradient for threads, mem and cpu usage (Sapphire -> Mauve)
theme[process_start]=

2023/05/20 (17:14:24) | ===> btop++ v.1.2.13
2023/05/20 (17:14:24) | ERROR: Invalid hex value: 89dceb

# Process box color gradient for threads, mem and cpu usage (Sapphire -> Mauve)
theme[process_start]=

2023/05/20 (17:14:48) | ===> btop++ v.1.2.13
2023/05/20 (17:14:48) | ERROR: Invalid hex value: 89dceb

# Process box color gradient for threads, mem and cpu usage (Sapphire -> Mauve)
theme[process_start]=

2023/05/20 (20:51:04) | ===> btop++ v.1.2.13
2023/05/20 (20:51:04) | ERROR: Invalid hex value: 89dceb

# Process box color gradient for threads, mem and cpu usage (Sapphire -> Mauve)
theme[process_start]=

2023/05/20 (22:08:37) | ===> btop++ v.1.2.13
2023/05/20 (22:08:37) | ERROR: Invalid hex value: 89dceb

# Process box color gradient for threads, mem and cpu usage (Sapphire -> Mauve)
theme[process_start]=

2023/05/21 (21:08:07) | ===> btop++ v.1.2.13
2023/05/21 (21:08:07) | ERROR: Invalid hex value: 89dceb

# Process box color gradient for threads, mem and cpu usage (Sapphire -> Mauve)
theme[process_start]=

2023/05/22 (14:26:15) | ===> btop++ v.1.2.13
2023/05/22 (14:26:15) | ERROR: Invalid hex value: 89dceb

# Process box color gradient for threads, mem and cpu usage (Sapphire -> Mauve)
theme[process_start]=

2023/05/22 (16:33:35) | ===> btop++ v.1.2.13
2023/05/22 (16:33:35) | ERROR: Invalid hex value: 89dceb

# Process box color gradient for threads, mem and cpu usage (Sapphire -> Mauve)
theme[process_start]=
2023/05/22 (16:34:34) | ERROR: Invalid hex value: 40a02b
theme[temp_mid]=
2023/05/22 (16:34:44) | ERROR: Invalid hex value: 40a02b
theme[temp_mid]=
2023/05/22 (16:34:45) | ERROR: Invalid hex value: 89dceb

# Process box color gradient for threads, mem and cpu usage (Sapphire -> Mauve)
theme[process_start]=

2023/05/22 (20:55:37) | ===> btop++ v.1.2.13
2023/05/22 (20:55:37) | ERROR: Invalid hex value: 89dceb

# Process box color gradient for threads, mem and cpu usage (Sapphire -> Mauve)
theme[process_start]=
2023/05/22 (20:55:40) | ERROR: Invalid hex value: 40a02b
theme[temp_mid]=

2023/05/22 (20:57:55) | ===> btop++ v.1.2.13
2023/05/22 (20:57:55) | ERROR: Invalid hex value: 89dceb

# Process box color gradient for threads, mem and cpu usage (Sapphire -> Mauve)
theme[process_start]=
2023/05/22 (20:58:04) | ERROR: Invalid hex value: 40a02b
theme[temp_mid]=

2023/05/22 (21:32:19) | ===> btop++ v.1.2.13
2023/05/22 (21:32:19) | ERROR: Invalid hex value: 40a02b
theme[temp_mid]=
2023/05/22 (21:32:21) | ERROR: Invalid hex value: 89dceb

# Process box color gradient for threads, mem and cpu usage (Sapphire -> Mauve)
theme[process_start]=

2023/05/22 (21:32:25) | ===> btop++ v.1.2.13
2023/05/22 (21:32:25) | ERROR: Invalid hex value: 89dceb

# Process box color gradient for threads, mem and cpu usage (Sapphire -> Mauve)
theme[process_start]=

2023/05/24 (08:48:35) | ===> btop++ v.1.2.13
2023/05/24 (08:48:35) | ERROR: Invalid hex value: 89dceb

# Process box color gradient for threads, mem and cpu usage (Sapphire -> Mauve)
theme[process_start]=

2023/05/24 (09:23:01) | ===> btop++ v.1.2.13
2023/05/24 (09:23:01) | ERROR: Invalid hex value: 89dceb

# Process box color gradient for threads, mem and cpu usage (Sapphire -> Mauve)
theme[process_start]=

2023/05/24 (15:35:18) | ===> btop++ v.1.2.13
2023/05/24 (15:35:18) | ERROR: Invalid hex value: 89dceb

# Process box color gradient for threads, mem and cpu usage (Sapphire -> Mauve)
theme[process_start]=

2023/05/24 (20:38:02) | ===> btop++ v.1.2.13
2023/05/24 (20:38:02) | ERROR: Invalid hex value: 89dceb

# Process box color gradient for threads, mem and cpu usage (Sapphire -> Mauve)
theme[process_start]=
2023/05/24 (20:38:08) | ERROR: Invalid hex value: 40a02b
theme[temp_mid]=

2023/09/15 (14:21:18) | ===> btop++ v.1.2.13
2023/09/15 (14:21:18) | ERROR: Invalid hex value: 40a02b
theme[temp_mid]=
2023/09/15 (14:21:18) | ERROR: Invalid hex value: 89dceb

# Process box color gradient for threads, mem and cpu usage (Sapphire -> Mauve)
theme[process_start]=

2023/09/23 (12:08:33) | ===> btop++ v.1.2.13
2023/09/23 (12:08:33) | ERROR: Invalid hex value: 89dceb

# Process box color gradient for threads, mem and cpu usage (Sapphire -> Mauve)
theme[process_start]=
2023/09/23 (12:08:34) | ERROR: Invalid hex value: 40a02b
theme[temp_mid]=
2023/09/23 (12:08:34) | ERROR: Invalid hex value: 40a02b
theme[temp_mid]=

2023/09/25 (11:53:14) | ===> btop++ v.1.2.13
2023/09/25 (11:53:14) | ERROR: Invalid hex value: 40a02b
theme[temp_mid]=
2023/09/25 (11:53:16) | ERROR: Invalid hex value: 40a02b
theme[temp_mid]=

2023/10/05 (09:51:42) | ===> btop++ v.1.2.13
2023/10/05 (09:51:42) | ERROR: Invalid hex value: 40a02b
theme[temp_mid]=

2023/10/11 (20:04:28) | ===> btop++ v.1.2.13
2023/10/11 (20:04:28) | ERROR: Invalid hex value: 40a02b
theme[temp_mid]=
2023/10/11 (20:04:29) | ERROR: Invalid hex value: 89dceb

# Process box color gradient for threads, mem and cpu usage (Sapphire -> Mauve)
theme[process_start]=

2023/10/17 (21:24:34) | ===> btop++ v.1.2.13
2023/10/17 (21:24:34) | ERROR: Invalid hex value: 89dceb

# Process box color gradient for threads, mem and cpu usage (Sapphire -> Mauve)
theme[process_start]=

2023/10/23 (10:07:32) | ===> btop++ v.1.2.13
2023/10/23 (10:07:32) | ERROR: Invalid hex value: 40a02b
theme[temp_mid]=
2023/10/23 (10:07:33) | ERROR: Invalid hex value: 89dceb

# Process box color gradient for threads, mem and cpu usage (Sapphire -> Mauve)
theme[process_start]=

2023/10/23 (10:07:36) | ===> btop++ v.1.2.13
2023/10/23 (10:07:36) | ERROR: Invalid hex value: 89dceb

# Process box color gradient for threads, mem and cpu usage (Sapphire -> Mauve)
theme[process_start]=

2023/10/24 (23:01:38) | ===> btop++ v.1.2.13
2023/10/24 (23:01:38) | ERROR: Invalid hex value: 89dceb

# Process box color gradient for threads, mem and cpu usage (Sapphire -> Mauve)
theme[process_start]=

2023/10/24 (23:02:16) | ===> btop++ v.1.2.13
2023/10/24 (23:02:16) | ERROR: Invalid hex value: 89dceb

# Process box color gradient for threads, mem and cpu usage (Sapphire -> Mauve)
theme[process_start]=

2023/10/25 (18:59:29) | ===> btop++ v.1.2.13
2023/10/25 (18:59:29) | ERROR: Invalid hex value: 89dceb

# Process box color gradient for threads, mem and cpu usage (Sapphire -> Mauve)
theme[process_start]=

2023/10/27 (16:36:05) | ===> btop++ v.1.2.13
2023/10/27 (16:36:05) | ERROR: Invalid hex value: 89dceb

# Process box color gradient for threads, mem and cpu usage (Sapphire -> Mauve)
theme[process_start]=

2023/10/27 (17:04:44) | ===> btop++ v.1.2.13
2023/10/27 (17:04:44) | ERROR: Invalid hex value: 89dceb

# Process box color gradient for threads, mem and cpu usage (Sapphire -> Mauve)
theme[process_start]=

2023/10/27 (17:05:20) | ===> btop++ v.1.2.13
2023/10/27 (17:05:20) | ERROR: Invalid hex value: 89dceb

# Process box color gradient for threads, mem and cpu usage (Sapphire -> Mauve)
theme[process_start]=

2023/10/28 (09:29:07) | ===> btop++ v.1.2.13
2023/10/28 (09:29:07) | ERROR: Invalid hex value: 89dceb

# Process box color gradient for threads, mem and cpu usage (Sapphire -> Mauve)
theme[process_start]=

2023/10/28 (20:43:42) | ===> btop++ v.1.2.13
2023/10/28 (20:43:42) | ERROR: Invalid hex value: 89dceb

# Process box color gradient for threads, mem and cpu usage (Sapphire -> Mauve)
theme[process_start]=

2023/10/28 (20:44:44) | ===> btop++ v.1.2.13
2023/10/28 (20:44:44) | ERROR: Invalid hex value: 89dceb

# Process box color gradient for threads, mem and cpu usage (Sapphire -> Mauve)
theme[process_start]=

2023/10/30 (09:09:02) | ===> btop++ v.1.2.13
2023/10/30 (09:09:02) | ERROR: Invalid hex value: 89dceb

# Process box color gradient for threads, mem and cpu usage (Sapphire -> Mauve)
theme[process_start]=

2023/10/30 (10:35:41) | ===> btop++ v.1.2.13
2023/10/30 (10:35:41) | ERROR: Invalid hex value: 89dceb

# Process box color gradient for threads, mem and cpu usage (Sapphire -> Mauve)
theme[process_start]=

2023/10/30 (11:43:28) | ===> btop++ v.1.2.13
2023/10/30 (11:43:28) | ERROR: Invalid hex value: 89dceb

# Process box color gradient for threads, mem and cpu usage (Sapphire -> Mauve)
theme[process_start]=

2023/10/30 (21:15:53) | ===> btop++ v.1.2.13
2023/10/30 (21:15:53) | ERROR: Invalid hex value: 89dceb

# Process box color gradient for threads, mem and cpu usage (Sapphire -> Mauve)
theme[process_start]=

2023/10/31 (11:54:02) | ===> btop++ v.1.2.13
2023/10/31 (11:54:02) | ERROR: Invalid hex value: 89dceb

# Process box color gradient for threads, mem and cpu usage (Sapphire -> Mauve)
theme[process_start]=

2023/10/31 (11:55:54) | ===> btop++ v.1.2.13
2023/10/31 (11:55:54) | ERROR: Invalid hex value: 40a02b
theme[temp_mid]=
2023/10/31 (11:56:32) | ERROR: Invalid hex value: 40a02b
theme[temp_mid]=
2023/10/31 (11:56:35) | ERROR: Invalid hex value: 89dceb

# Process box color gradient for threads, mem and cpu usage (Sapphire -> Mauve)
theme[process_start]=

2023/10/31 (11:56:37) | ===> btop++ v.1.2.13
2023/10/31 (11:56:37) | ERROR: Invalid hex value: 89dceb

# Process box color gradient for threads, mem and cpu usage (Sapphire -> Mauve)
theme[process_start]=

2023/10/31 (12:58:19) | ===> btop++ v.1.2.13
2023/10/31 (12:58:19) | ERROR: Invalid hex value: 89dceb

# Process box color gradient for threads, mem and cpu usage (Sapphire -> Mauve)
theme[process_start]=

2023/10/31 (13:26:48) | ===> btop++ v.1.2.13
2023/10/31 (13:26:48) | ERROR: Invalid hex value: 89dceb

# Process box color gradient for threads, mem and cpu usage (Sapphire -> Mauve)
theme[process_start]=

2023/10/31 (13:30:23) | ===> btop++ v.1.2.13
2023/10/31 (13:30:23) | ERROR: Invalid hex value: 89dceb

# Process box color gradient for threads, mem and cpu usage (Sapphire -> Mauve)
theme[process_start]=

2023/10/31 (19:52:17) | ===> btop++ v.1.2.13
2023/10/31 (19:52:17) | ERROR: Invalid hex value: 89dceb

# Process box color gradient for threads, mem and cpu usage (Sapphire -> Mauve)
theme[process_start]=

2023/10/31 (19:57:06) | ===> btop++ v.1.2.13
2023/10/31 (19:57:06) | ERROR: Invalid hex value: 89dceb

# Process box color gradient for threads, mem and cpu usage (Sapphire -> Mauve)
theme[process_start]=

2023/11/01 (10:44:49) | ===> btop++ v.1.2.13
2023/11/01 (10:44:49) | ERROR: Invalid hex value: 89dceb

# Process box color gradient for threads, mem and cpu usage (Sapphire -> Mauve)
theme[process_start]=

2023/11/01 (11:07:15) | ===> btop++ v.1.2.13
2023/11/01 (11:07:15) | ERROR: Invalid hex value: 89dceb

# Process box color gradient for threads, mem and cpu usage (Sapphire -> Mauve)
theme[process_start]=

2023/11/02 (17:02:44) | ===> btop++ v.1.2.13
2023/11/02 (17:02:44) | ERROR: Invalid hex value: 89dceb

# Process box color gradient for threads, mem and cpu usage (Sapphire -> Mauve)
theme[process_start]=

2023/11/02 (20:28:00) | ===> btop++ v.1.2.13
2023/11/02 (20:28:00) | ERROR: Invalid hex value: 89dceb

# Process box color gradient for threads, mem and cpu usage (Sapphire -> Mauve)
theme[process_start]=

2023/11/03 (11:00:58) | ===> btop++ v.1.2.13
2023/11/03 (11:00:58) | ERROR: Invalid hex value: 89dceb

# Process box color gradient for threads, mem and cpu usage (Sapphire -> Mauve)
theme[process_start]=

2023/11/03 (13:31:05) | ===> btop++ v.1.2.13
2023/11/03 (13:31:05) | ERROR: Invalid hex value: 89dceb

# Process box color gradient for threads, mem and cpu usage (Sapphire -> Mauve)
theme[process_start]=

2023/11/04 (20:08:06) | ===> btop++ v.1.2.13
2023/11/04 (20:08:06) | ERROR: Invalid hex value: 89dceb

# Process box color gradient for threads, mem and cpu usage (Sapphire -> Mauve)
theme[process_start]=

2023/11/06 (19:40:44) | ===> btop++ v.1.2.13
2023/11/06 (19:40:44) | ERROR: Invalid hex value: 89dceb

# Process box color gradient for threads, mem and cpu usage (Sapphire -> Mauve)
theme[process_start]=

2023/11/06 (19:54:09) | ===> btop++ v.1.2.13
2023/11/06 (19:54:09) | ERROR: Invalid hex value: 89dceb

# Process box color gradient for threads, mem and cpu usage (Sapphire -> Mauve)
theme[process_start]=

2023/11/08 (08:54:13) | ===> btop++ v.1.2.13
2023/11/08 (08:54:13) | ERROR: Invalid hex value: 89dceb

# Process box color gradient for threads, mem and cpu usage (Sapphire -> Mauve)
theme[process_start]=

2023/11/08 (13:46:33) | ===> btop++ v.1.2.13
2023/11/08 (13:46:33) | ERROR: Invalid hex value: 89dceb

# Process box color gradient for threads, mem and cpu usage (Sapphire -> Mauve)
theme[process_start]=

2023/11/08 (13:52:09) | ===> btop++ v.1.2.13
2023/11/08 (13:52:09) | ERROR: Invalid hex value: 89dceb

# Process box color gradient for threads, mem and cpu usage (Sapphire -> Mauve)
theme[process_start]=

2023/11/09 (08:57:04) | ===> btop++ v.1.2.13
2023/11/09 (08:57:04) | ERROR: Invalid hex value: 89dceb

# Process box color gradient for threads, mem and cpu usage (Sapphire -> Mauve)
theme[process_start]=

2023/11/09 (09:25:56) | ===> btop++ v.1.2.13
2023/11/09 (09:25:56) | ERROR: Invalid hex value: 89dceb

# Process box color gradient for threads, mem and cpu usage (Sapphire -> Mauve)
theme[process_start]=

2023/11/09 (09:39:31) | ===> btop++ v.1.2.13
2023/11/09 (09:39:31) | ERROR: Invalid hex value: 89dceb

# Process box color gradient for threads, mem and cpu usage (Sapphire -> Mauve)
theme[process_start]=

2023/11/09 (10:06:21) | ===> btop++ v.1.2.13
2023/11/09 (10:06:21) | ERROR: Invalid hex value: 89dceb

# Process box color gradient for threads, mem and cpu usage (Sapphire -> Mauve)
theme[process_start]=

2023/11/09 (12:10:08) | ===> btop++ v.1.2.13
2023/11/09 (12:10:08) | ERROR: Invalid hex value: 89dceb

# Process box color gradient for threads, mem and cpu usage (Sapphire -> Mauve)
theme[process_start]=

2023/11/09 (12:14:19) | ===> btop++ v.1.2.13
2023/11/09 (12:14:19) | ERROR: Invalid hex value: 89dceb

# Process box color gradient for threads, mem and cpu usage (Sapphire -> Mauve)
theme[process_start]=

2023/11/09 (19:39:10) | ===> btop++ v.1.2.13
2023/11/09 (19:39:10) | ERROR: Invalid hex value: 89dceb

# Process box color gradient for threads, mem and cpu usage (Sapphire -> Mauve)
theme[process_start]=

2023/11/09 (19:39:21) | ===> btop++ v.1.2.13
2023/11/09 (19:39:21) | ERROR: Invalid hex value: 89dceb

# Process box color gradient for threads, mem and cpu usage (Sapphire -> Mauve)
theme[process_start]=

2023/11/09 (20:55:47) | ===> btop++ v.1.2.13
2023/11/09 (20:55:47) | ERROR: Invalid hex value: 89dceb

# Process box color gradient for threads, mem and cpu usage (Sapphire -> Mauve)
theme[process_start]=

2023/11/10 (05:34:31) | ===> btop++ v.1.2.13
2023/11/10 (05:34:31) | ERROR: Invalid hex value: 89dceb

# Process box color gradient for threads, mem and cpu usage (Sapphire -> Mauve)
theme[process_start]=

2023/11/10 (05:50:51) | ===> btop++ v.1.2.13
2023/11/10 (05:50:51) | ERROR: Invalid hex value: 89dceb

# Process box color gradient for threads, mem and cpu usage (Sapphire -> Mauve)
theme[process_start]=

2023/11/11 (12:41:46) | ===> btop++ v.1.2.13
2023/11/11 (12:41:46) | ERROR: Invalid hex value: 89dceb

# Process box color gradient for threads, mem and cpu usage (Sapphire -> Mauve)
theme[process_start]=

2023/11/12 (07:07:00) | ===> btop++ v.1.2.13
2023/11/12 (07:07:00) | ERROR: Invalid hex value: 89dceb

# Process box color gradient for threads, mem and cpu usage (Sapphire -> Mauve)
theme[process_start]=

2023/11/12 (07:55:53) | ===> btop++ v.1.2.13
2023/11/12 (07:55:53) | ERROR: Invalid hex value: 89dceb

# Process box color gradient for threads, mem and cpu usage (Sapphire -> Mauve)
theme[process_start]=

2023/11/12 (18:07:16) | ===> btop++ v.1.2.13
2023/11/12 (18:07:16) | ERROR: Invalid hex value: 89dceb

# Process box color gradient for threads, mem and cpu usage (Sapphire -> Mauve)
theme[process_start]=

2023/11/12 (20:01:31) | ===> btop++ v.1.2.13
2023/11/12 (20:01:31) | ERROR: Invalid hex value: 89dceb

# Process box color gradient for threads, mem and cpu usage (Sapphire -> Mauve)
theme[process_start]=

2023/11/13 (17:35:07) | ===> btop++ v.1.2.13
2023/11/13 (17:35:07) | ERROR: Invalid hex value: 89dceb

# Process box color gradient for threads, mem and cpu usage (Sapphire -> Mauve)
theme[process_start]=

2023/11/14 (17:18:34) | ===> btop++ v.1.2.13
2023/11/14 (17:18:34) | ERROR: Invalid hex value: 89dceb

# Process box color gradient for threads, mem and cpu usage (Sapphire -> Mauve)
theme[process_start]=

2023/11/14 (19:40:24) | ===> btop++ v.1.2.13
2023/11/14 (19:40:24) | ERROR: Invalid hex value: 89dceb

# Process box color gradient for threads, mem and cpu usage (Sapphire -> Mauve)
theme[process_start]=

2023/11/15 (20:18:49) | ===> btop++ v.1.2.13
2023/11/15 (20:18:49) | ERROR: Invalid hex value: 89dceb

# Process box color gradient for threads, mem and cpu usage (Sapphire -> Mauve)
theme[process_start]=

2023/11/15 (21:02:14) | ===> btop++ v.1.2.13
2023/11/15 (21:02:14) | ERROR: Invalid hex value: 89dceb

# Process box color gradient for threads, mem and cpu usage (Sapphire -> Mauve)
theme[process_start]=

2023/11/18 (10:49:24) | ===> btop++ v.1.2.13
2023/11/18 (10:49:24) | ERROR: Invalid hex value: 89dceb

# Process box color gradient for threads, mem and cpu usage (Sapphire -> Mauve)
theme[process_start]=

2023/11/18 (16:23:43) | ===> btop++ v.1.2.13
2023/11/18 (16:23:43) | ERROR: Invalid hex value: 89dceb

# Process box color gradient for threads, mem and cpu usage (Sapphire -> Mauve)
theme[process_start]=

2023/11/20 (15:36:24) | ===> btop++ v.1.2.13
2023/11/20 (15:36:24) | ERROR: Invalid hex value: 89dceb

# Process box color gradient for threads, mem and cpu usage (Sapphire -> Mauve)
theme[process_start]=

2023/11/20 (21:49:45) | ===> btop++ v.1.2.13
2023/11/20 (21:49:45) | ERROR: Invalid hex value: 89dceb

# Process box color gradient for threads, mem and cpu usage (Sapphire -> Mauve)
theme[process_start]=

2023/11/21 (08:37:26) | ===> btop++ v.1.2.13
2023/11/21 (08:37:26) | ERROR: Invalid hex value: 89dceb

# Process box color gradient for threads, mem and cpu usage (Sapphire -> Mauve)
theme[process_start]=

2023/11/22 (14:39:53) | ===> btop++ v.1.2.13
2023/11/22 (14:39:53) | ERROR: Invalid hex value: 89dceb

# Process box color gradient for threads, mem and cpu usage (Sapphire -> Mauve)
theme[process_start]=

2023/11/22 (16:47:39) | ===> btop++ v.1.2.13
2023/11/22 (16:47:39) | ERROR: Invalid hex value: 89dceb

# Process box color gradient for threads, mem and cpu usage (Sapphire -> Mauve)
theme[process_start]=

2023/11/23 (18:41:11) | ===> btop++ v.1.2.13
2023/11/23 (18:41:11) | ERROR: Invalid hex value: 89dceb

# Process box color gradient for threads, mem and cpu usage (Sapphire -> Mauve)
theme[process_start]=

2023/11/23 (19:59:56) | ===> btop++ v.1.2.13
2023/11/23 (19:59:56) | ERROR: Invalid hex value: 89dceb

# Process box color gradient for threads, mem and cpu usage (Sapphire -> Mauve)
theme[process_start]=

2023/11/26 (20:42:36) | ===> btop++ v.1.2.13
2023/11/26 (20:42:36) | ERROR: Invalid hex value: 89dceb

# Process box color gradient for threads, mem and cpu usage (Sapphire -> Mauve)
theme[process_start]=

2023/11/27 (15:08:46) | ===> btop++ v.1.2.13
2023/11/27 (15:08:46) | ERROR: Invalid hex value: 89dceb

# Process box color gradient for threads, mem and cpu usage (Sapphire -> Mauve)
theme[process_start]=

2023/11/30 (08:57:38) | ===> btop++ v.1.2.13
2023/11/30 (08:57:38) | ERROR: Invalid hex value: 89dceb

# Process box color gradient for threads, mem and cpu usage (Sapphire -> Mauve)
theme[process_start]=

2023/11/30 (10:43:28) | ===> btop++ v.1.2.13
2023/11/30 (10:43:28) | ERROR: Invalid hex value: 89dceb

# Process box color gradient for threads, mem and cpu usage (Sapphire -> Mauve)
theme[process_start]=

2023/11/30 (11:48:15) | ===> btop++ v.1.2.13
2023/11/30 (11:48:15) | ERROR: Invalid hex value: 89dceb

# Process box color gradient for threads, mem and cpu usage (Sapphire -> Mauve)
theme[process_start]=

2023/12/01 (07:57:11) | ===> btop++ v.1.2.13
2023/12/01 (07:57:11) | ERROR: Invalid hex value: 89dceb

# Process box color gradient for threads, mem and cpu usage (Sapphire -> Mauve)
theme[process_start]=

2023/12/01 (08:41:07) | ===> btop++ v.1.2.13
2023/12/01 (08:41:07) | ERROR: Invalid hex value: 89dceb

# Process box color gradient for threads, mem and cpu usage (Sapphire -> Mauve)
theme[process_start]=

2023/12/04 (09:40:10) | ===> btop++ v.1.2.13
2023/12/04 (09:40:10) | ERROR: Invalid hex value: 89dceb

# Process box color gradient for threads, mem and cpu usage (Sapphire -> Mauve)
theme[process_start]=
2023/12/04 (09:40:16) | ERROR: Invalid hex value: 40a02b
theme[temp_mid]=
2023/12/04 (09:40:16) | ERROR: Invalid hex value: 89dceb

# Process box color gradient for threads, mem and cpu usage (Sapphire -> Mauve)
theme[process_start]=
2023/12/04 (09:40:17) | ERROR: Invalid hex value: 89dceb

# Process box color gradient for threads, mem and cpu usage (Sapphire -> Mauve)
theme[process_start]=
2023/12/04 (09:40:18) | ERROR: Invalid hex value: 40a02b
theme[temp_mid]=

2023/12/04 (09:56:28) | ===> btop++ v.1.2.13
2023/12/04 (09:56:28) | ERROR: Invalid hex value: 40a02b
theme[temp_mid]=
2023/12/04 (09:56:29) | ERROR: Invalid hex value: 89dceb

# Process box color gradient for threads, mem and cpu usage (Sapphire -> Mauve)
theme[process_start]=

2023/12/04 (09:56:32) | ===> btop++ v.1.2.13
2023/12/04 (09:56:32) | ERROR: Invalid hex value: 89dceb

# Process box color gradient for threads, mem and cpu usage (Sapphire -> Mauve)
theme[process_start]=

2023/12/05 (14:52:18) | ===> btop++ v.1.2.13
2023/12/05 (14:52:18) | ERROR: Invalid hex value: 89dceb

# Process box color gradient for threads, mem and cpu usage (Sapphire -> Mauve)
theme[process_start]=

2024/03/05 (12:37:49) | ===> btop++ v.1.3.2
2024/03/05 (12:37:49) | ERROR: Invalid hex value: 89dceb

# Process box color gradient for threads, mem and cpu usage (Sapphire -> Mauve)
theme[process_start]=
2024/03/05 (12:37:50) | ERROR: Invalid hex value: 89dceb

# Process box color gradient for threads, mem and cpu usage (Sapphire -> Mauve)
theme[process_start]=
2024/03/05 (12:37:50) | ERROR: Invalid hex value: 40a02b
theme[temp_mid]=
2024/03/05 (12:37:51) | ERROR: Invalid hex value: 40a02b
theme[temp_mid]=

2024/03/15 (19:00:16) | ===> btop++ v.1.3.2
2024/03/15 (19:00:16) | ERROR: Invalid hex value: 40a02b
theme[temp_mid]=
2024/03/15 (19:00:18) | ERROR: Invalid hex value: 40a02b
theme[temp_mid]=
2024/03/15 (19:00:18) | ERROR: Invalid hex value: 89dceb

# Process box color gradient for threads, mem and cpu usage (Sapphire -> Mauve)
theme[process_start]=

2024/03/15 (19:00:23) | ===> btop++ v.1.3.2
2024/03/15 (19:00:23) | ERROR: Invalid hex value: 89dceb

# Process box color gradient for threads, mem and cpu usage (Sapphire -> Mauve)
theme[process_start]=

2024/03/15 (22:46:28) | ===> btop++ v.1.3.2
2024/03/15 (22:46:28) | ERROR: Invalid hex value: 89dceb

# Process box color gradient for threads, mem and cpu usage (Sapphire -> Mauve)
theme[process_start]=

2024/03/16 (21:57:25) | ===> btop++ v.1.3.2
2024/03/16 (21:57:25) | ERROR: Invalid hex value: 89dceb

# Process box color gradient for threads, mem and cpu usage (Sapphire -> Mauve)
theme[process_start]=

2024/03/16 (22:19:58) | ===> btop++ v.1.3.2
2024/03/16 (22:19:58) | ERROR: Invalid hex value: 89dceb

# Process box color gradient for threads, mem and cpu usage (Sapphire -> Mauve)
theme[process_start]=

2024/03/18 (08:41:51) | ===> btop++ v.1.3.2
2024/03/18 (08:41:51) | ERROR: Invalid hex value: 89dceb

# Process box color gradient for threads, mem and cpu usage (Sapphire -> Mauve)
theme[process_start]=

2024/03/18 (08:44:11) | ===> btop++ v.1.3.2
2024/03/18 (08:44:11) | ERROR: Invalid hex value: 89dceb

# Process box color gradient for threads, mem and cpu usage (Sapphire -> Mauve)
theme[process_start]=

2024/03/18 (08:47:35) | ===> btop++ v.1.3.2
2024/03/18 (08:47:35) | ERROR: Invalid hex value: 89dceb

# Process box color gradient for threads, mem and cpu usage (Sapphire -> Mauve)
theme[process_start]=

2024/03/18 (10:26:58) | ===> btop++ v.1.3.2
2024/03/18 (10:26:58) | ERROR: Invalid hex value: 89dceb

# Process box color gradient for threads, mem and cpu usage (Sapphire -> Mauve)
theme[process_start]=

2024/03/18 (14:28:24) | ===> btop++ v.1.3.2
2024/03/18 (14:28:24) | ERROR: Invalid hex value: 89dceb

# Process box color gradient for threads, mem and cpu usage (Sapphire -> Mauve)
theme[process_start]=

2024/03/18 (14:32:47) | ===> btop++ v.1.3.2
2024/03/18 (14:32:47) | ERROR: Invalid hex value: 89dceb

# Process box color gradient for threads, mem and cpu usage (Sapphire -> Mauve)
theme[process_start]=

2024/03/18 (14:40:31) | ===> btop++ v.1.3.2
2024/03/18 (14:40:31) | ERROR: Invalid hex value: 89dceb

# Process box color gradient for threads, mem and cpu usage (Sapphire -> Mauve)
theme[process_start]=

2024/03/18 (14:49:33) | ===> btop++ v.1.3.2
2024/03/18 (14:49:33) | ERROR: Invalid hex value: 89dceb

# Process box color gradient for threads, mem and cpu usage (Sapphire -> Mauve)
theme[process_start]=

2024/03/18 (15:49:11) | ===> btop++ v.1.3.2
2024/03/18 (15:49:11) | ERROR: Invalid hex value: 89dceb

# Process box color gradient for threads, mem and cpu usage (Sapphire -> Mauve)
theme[process_start]=

2024/03/21 (08:10:29) | ===> btop++ v.1.3.2
2024/03/21 (08:10:29) | ERROR: Invalid hex value: 89dceb

# Process box color gradient for threads, mem and cpu usage (Sapphire -> Mauve)
theme[process_start]=

2024/03/21 (14:53:27) | ===> btop++ v.1.3.2
2024/03/21 (14:53:27) | ERROR: Invalid hex value: 89dceb

# Process box color gradient for threads, mem and cpu usage (Sapphire -> Mauve)
theme[process_start]=

2024/03/22 (08:25:17) | ===> btop++ v.1.3.2
2024/03/22 (08:25:17) | ERROR: Invalid hex value: 89dceb

# Process box color gradient for threads, mem and cpu usage (Sapphire -> Mauve)
theme[process_start]=

2024/03/22 (10:39:57) | ===> btop++ v.1.3.2
2024/03/22 (10:39:57) | ERROR: Invalid hex value: 89dceb

# Process box color gradient for threads, mem and cpu usage (Sapphire -> Mauve)
theme[process_start]=

2024/03/29 (11:25:43) | ===> btop++ v.1.3.2
2024/03/29 (11:25:43) | ERROR: Invalid hex value: 89dceb

# Process box color gradient for threads, mem and cpu usage (Sapphire -> Mauve)
theme[process_start]=

2024/04/09 (18:16:10) | ===> btop++ v.1.3.2
2024/04/09 (18:16:10) | WARNING: ROCm SMI: Failed to get device name
2024/04/09 (18:16:10) | WARNING: ROCm SMI: Failed to get maximum GPU power draw, defaulting to 225W
2024/04/09 (18:16:10) | WARNING: ROCm SMI: Failed to get maximum GPU temperature, defaulting to 110°C
2024/04/09 (18:16:10) | WARNING: ROCm SMI: Failed to get VRAM utilization
2024/04/09 (18:16:10) | WARNING: ROCm SMI: Failed to get GPU power usage
2024/04/09 (18:16:10) | WARNING: ROCm SMI: Failed to get PCIe throughput
2024/04/09 (18:16:10) | ERROR: Invalid hex value: 89dceb

# Process box color gradient for threads, mem and cpu usage (Sapphire -> Mauve)
theme[process_start]=

2024/04/12 (20:49:24) | ===> btop++ v.1.3.2
2024/04/12 (20:49:24) | WARNING: ROCm SMI: Failed to get device name
2024/04/12 (20:49:24) | WARNING: ROCm SMI: Failed to get maximum GPU power draw, defaulting to 225W
2024/04/12 (20:49:24) | WARNING: ROCm SMI: Failed to get maximum GPU temperature, defaulting to 110°C
2024/04/12 (20:49:24) | WARNING: ROCm SMI: Failed to get VRAM utilization
2024/04/12 (20:49:24) | WARNING: ROCm SMI: Failed to get GPU power usage
2024/04/12 (20:49:24) | WARNING: ROCm SMI: Failed to get PCIe throughput
2024/04/12 (20:49:24) | ERROR: Invalid hex value: 89dceb

# Process box color gradient for threads, mem and cpu usage (Sapphire -> Mauve)
theme[process_start]=

2024/04/12 (20:51:57) | ===> btop++ v.1.3.2
2024/04/12 (20:51:57) | WARNING: ROCm SMI: Failed to get device name
2024/04/12 (20:51:57) | WARNING: ROCm SMI: Failed to get maximum GPU power draw, defaulting to 225W
2024/04/12 (20:51:57) | WARNING: ROCm SMI: Failed to get maximum GPU temperature, defaulting to 110°C
2024/04/12 (20:51:57) | WARNING: ROCm SMI: Failed to get VRAM utilization
2024/04/12 (20:51:57) | WARNING: ROCm SMI: Failed to get GPU power usage
2024/04/12 (20:51:57) | WARNING: ROCm SMI: Failed to get PCIe throughput
2024/04/12 (20:51:57) | ERROR: Invalid hex value: 89dceb

# Process box color gradient for threads, mem and cpu usage (Sapphire -> Mauve)
theme[process_start]=

2024/04/12 (20:55:44) | ===> btop++ v.1.3.2
2024/04/12 (20:55:44) | WARNING: ROCm SMI: Failed to get device name
2024/04/12 (20:55:44) | WARNING: ROCm SMI: Failed to get maximum GPU power draw, defaulting to 225W
2024/04/12 (20:55:44) | WARNING: ROCm SMI: Failed to get maximum GPU temperature, defaulting to 110°C
2024/04/12 (20:55:44) | WARNING: ROCm SMI: Failed to get VRAM utilization
2024/04/12 (20:55:44) | WARNING: ROCm SMI: Failed to get GPU power usage
2024/04/12 (20:55:44) | WARNING: ROCm SMI: Failed to get PCIe throughput
2024/04/12 (20:55:44) | ERROR: Invalid hex value: 89dceb

# Process box color gradient for threads, mem and cpu usage (Sapphire -> Mauve)
theme[process_start]=

2024/04/18 (20:24:40) | ===> btop++ v.1.3.2
2024/04/18 (20:24:40) | WARNING: ROCm SMI: Failed to get device name
2024/04/18 (20:24:40) | WARNING: ROCm SMI: Failed to get maximum GPU power draw, defaulting to 225W
2024/04/18 (20:24:40) | WARNING: ROCm SMI: Failed to get maximum GPU temperature, defaulting to 110°C
2024/04/18 (20:24:40) | WARNING: ROCm SMI: Failed to get VRAM utilization
2024/04/18 (20:24:40) | WARNING: ROCm SMI: Failed to get GPU power usage
2024/04/18 (20:24:40) | WARNING: ROCm SMI: Failed to get PCIe throughput
2024/04/18 (20:24:40) | ERROR: Invalid hex value: 89dceb

# Process box color gradient for threads, mem and cpu usage (Sapphire -> Mauve)
theme[process_start]=

2024/04/19 (08:49:35) | ===> btop++ v.1.3.2
2024/04/19 (08:49:35) | WARNING: ROCm SMI: Failed to get device name
2024/04/19 (08:49:35) | WARNING: ROCm SMI: Failed to get maximum GPU power draw, defaulting to 225W
2024/04/19 (08:49:35) | WARNING: ROCm SMI: Failed to get maximum GPU temperature, defaulting to 110°C
2024/04/19 (08:49:35) | WARNING: ROCm SMI: Failed to get VRAM utilization
2024/04/19 (08:49:35) | WARNING: ROCm SMI: Failed to get GPU power usage
2024/04/19 (08:49:35) | WARNING: ROCm SMI: Failed to get PCIe throughput
2024/04/19 (08:49:35) | ERROR: Invalid hex value: 89dceb

# Process box color gradient for threads, mem and cpu usage (Sapphire -> Mauve)
theme[process_start]=

2024/04/19 (09:07:25) | ===> btop++ v.1.3.2
2024/04/19 (09:07:25) | WARNING: ROCm SMI: Failed to get device name
2024/04/19 (09:07:25) | WARNING: ROCm SMI: Failed to get maximum GPU power draw, defaulting to 225W
2024/04/19 (09:07:25) | WARNING: ROCm SMI: Failed to get maximum GPU temperature, defaulting to 110°C
2024/04/19 (09:07:25) | WARNING: ROCm SMI: Failed to get VRAM utilization
2024/04/19 (09:07:25) | WARNING: ROCm SMI: Failed to get GPU power usage
2024/04/19 (09:07:25) | WARNING: ROCm SMI: Failed to get PCIe throughput
2024/04/19 (09:07:25) | ERROR: Invalid hex value: 89dceb

# Process box color gradient for threads, mem and cpu usage (Sapphire -> Mauve)
theme[process_start]=

2024/04/19 (09:26:03) | ===> btop++ v.1.3.2
2024/04/19 (09:26:03) | WARNING: ROCm SMI: Failed to get device name
2024/04/19 (09:26:03) | WARNING: ROCm SMI: Failed to get maximum GPU power draw, defaulting to 225W
2024/04/19 (09:26:03) | WARNING: ROCm SMI: Failed to get maximum GPU temperature, defaulting to 110°C
2024/04/19 (09:26:03) | WARNING: ROCm SMI: Failed to get VRAM utilization
2024/04/19 (09:26:03) | WARNING: ROCm SMI: Failed to get GPU power usage
2024/04/19 (09:26:03) | WARNING: ROCm SMI: Failed to get PCIe throughput
2024/04/19 (09:26:03) | ERROR: Invalid hex value: 89dceb

# Process box color gradient for threads, mem and cpu usage (Sapphire -> Mauve)
theme[process_start]=

2024/04/20 (14:20:46) | ===> btop++ v.1.3.2
2024/04/20 (14:20:46) | WARNING: ROCm SMI: Failed to get device name
2024/04/20 (14:20:46) | WARNING: ROCm SMI: Failed to get maximum GPU power draw, defaulting to 225W
2024/04/20 (14:20:46) | WARNING: ROCm SMI: Failed to get maximum GPU temperature, defaulting to 110°C
2024/04/20 (14:20:46) | WARNING: ROCm SMI: Failed to get VRAM utilization
2024/04/20 (14:20:46) | WARNING: ROCm SMI: Failed to get GPU power usage
2024/04/20 (14:20:46) | WARNING: ROCm SMI: Failed to get PCIe throughput
2024/04/20 (14:20:46) | ERROR: Invalid hex value: 89dceb

# Process box color gradient for threads, mem and cpu usage (Sapphire -> Mauve)
theme[process_start]=
2024/04/20 (14:20:48) | ERROR: Invalid hex value: 40a02b
theme[temp_mid]=

2024/04/20 (14:20:53) | ===> btop++ v.1.3.2
2024/04/20 (14:20:53) | WARNING: ROCm SMI: Failed to get device name
2024/04/20 (14:20:53) | WARNING: ROCm SMI: Failed to get maximum GPU power draw, defaulting to 225W
2024/04/20 (14:20:53) | WARNING: ROCm SMI: Failed to get maximum GPU temperature, defaulting to 110°C
2024/04/20 (14:20:53) | WARNING: ROCm SMI: Failed to get VRAM utilization
2024/04/20 (14:20:53) | WARNING: ROCm SMI: Failed to get GPU power usage
2024/04/20 (14:20:53) | WARNING: ROCm SMI: Failed to get PCIe throughput
2024/04/20 (14:20:53) | ERROR: Invalid hex value: 40a02b
theme[temp_mid]=

2024/04/20 (14:49:16) | ===> btop++ v.1.3.2
2024/04/20 (14:49:16) | WARNING: ROCm SMI: Failed to get device name
2024/04/20 (14:49:16) | WARNING: ROCm SMI: Failed to get maximum GPU power draw, defaulting to 225W
2024/04/20 (14:49:16) | WARNING: ROCm SMI: Failed to get maximum GPU temperature, defaulting to 110°C
2024/04/20 (14:49:16) | WARNING: ROCm SMI: Failed to get VRAM utilization
2024/04/20 (14:49:16) | WARNING: ROCm SMI: Failed to get GPU power usage
2024/04/20 (14:49:16) | WARNING: ROCm SMI: Failed to get PCIe throughput
2024/04/20 (14:49:16) | ERROR: Invalid hex value: 40a02b
theme[temp_mid]=

2024/04/20 (20:33:25) | ===> btop++ v.1.3.2
2024/04/20 (20:33:25) | WARNING: ROCm SMI: Failed to get device name
2024/04/20 (20:33:25) | WARNING: ROCm SMI: Failed to get maximum GPU power draw, defaulting to 225W
2024/04/20 (20:33:25) | WARNING: ROCm SMI: Failed to get maximum GPU temperature, defaulting to 110°C
2024/04/20 (20:33:25) | WARNING: ROCm SMI: Failed to get VRAM utilization
2024/04/20 (20:33:25) | WARNING: ROCm SMI: Failed to get GPU power usage
2024/04/20 (20:33:25) | WARNING: ROCm SMI: Failed to get PCIe throughput
2024/04/20 (20:33:25) | ERROR: Invalid hex value: 40a02b
theme[temp_mid]=

2024/04/21 (19:14:26) | ===> btop++ v.1.3.2
2024/04/21 (19:14:26) | WARNING: ROCm SMI: Failed to get device name
2024/04/21 (19:14:26) | WARNING: ROCm SMI: Failed to get maximum GPU power draw, defaulting to 225W
2024/04/21 (19:14:26) | WARNING: ROCm SMI: Failed to get maximum GPU temperature, defaulting to 110°C
2024/04/21 (19:14:26) | WARNING: ROCm SMI: Failed to get VRAM utilization
2024/04/21 (19:14:26) | WARNING: ROCm SMI: Failed to get GPU power usage
2024/04/21 (19:14:26) | WARNING: ROCm SMI: Failed to get PCIe throughput
2024/04/21 (19:14:26) | ERROR: Invalid hex value: 40a02b
theme[temp_mid]=

2024/04/21 (19:51:51) | ===> btop++ v.1.3.2
2024/04/21 (19:51:51) | WARNING: ROCm SMI: Failed to get device name
2024/04/21 (19:51:51) | WARNING: ROCm SMI: Failed to get maximum GPU power draw, defaulting to 225W
2024/04/21 (19:51:51) | WARNING: ROCm SMI: Failed to get maximum GPU temperature, defaulting to 110°C
2024/04/21 (19:51:51) | WARNING: ROCm SMI: Failed to get VRAM utilization
2024/04/21 (19:51:51) | WARNING: ROCm SMI: Failed to get GPU power usage
2024/04/21 (19:51:51) | WARNING: ROCm SMI: Failed to get PCIe throughput
2024/04/21 (19:51:51) | ERROR: Invalid hex value: 40a02b
theme[temp_mid]=

2024/04/22 (08:15:12) | ===> btop++ v.1.3.2
2024/04/22 (08:15:12) | WARNING: ROCm SMI: Failed to get device name
2024/04/22 (08:15:12) | WARNING: ROCm SMI: Failed to get maximum GPU power draw, defaulting to 225W
2024/04/22 (08:15:12) | WARNING: ROCm SMI: Failed to get maximum GPU temperature, defaulting to 110°C
2024/04/22 (08:15:12) | WARNING: ROCm SMI: Failed to get VRAM utilization
2024/04/22 (08:15:12) | WARNING: ROCm SMI: Failed to get GPU power usage
2024/04/22 (08:15:12) | WARNING: ROCm SMI: Failed to get PCIe throughput
2024/04/22 (08:15:12) | ERROR: Invalid hex value: 40a02b
theme[temp_mid]=
